<?xml version="1.0" encoding="UTF-8"?>
<!-- Generated by org.testng.reporters.JUnitXMLReporter -->
<testsuite hostname="btm-fac8-PC" ignored="1" name="RegressionTest" tests="2" failures="0" timestamp="03 Dec 2018 08:20:35 GMT" time="18.983" errors="0">
  <testcase name="testValidLogin" time="3.615" classname="script.ValidLogin"/>
  <testcase name="testInvalidLogin" time="0.843" classname="script.InvalidLogin"/>
  <testcase name="@AfterSuite print" time="0.0" classname="generic.BaseTest">
    <ignored/>
  </testcase> <!-- @AfterSuite print -->
</testsuite> <!-- RegressionTest -->
