<?xml version="1.0" encoding="UTF-8"?>
<testng-results skipped="0" failed="0" ignored="0" total="1" passed="1">
  <reporter-output>
    <line>
      <![CDATA[Actaul ProductEdition:actiTIME 2017.1]]>
    </line>
    <line>
      <![CDATA[expected ProductEdition:actiTIME 2017.1]]>
    </line>
    <line>
      <![CDATA[Pass:1]]>
    </line>
    <line>
      <![CDATA[Fail:0]]>
    </line>
  </reporter-output>
  <suite name="Default suite" duration-ms="10270" started-at="2018-12-04T06:56:19Z" finished-at="2018-12-04T06:56:30Z">
    <groups>
    </groups>
    <test name="Default test" duration-ms="10270" started-at="2018-12-04T06:56:19Z" finished-at="2018-12-04T06:56:30Z">
      <class name="script.CheckProductEdition">
        <test-method status="PASS" signature="openApp()[pri:0, instance:script.CheckProductEdition@2f943d71]" name="openApp" is-config="true" duration-ms="5381" started-at="2018-12-04T06:56:19Z" finished-at="2018-12-04T06:56:25Z">
          <reporter-output>
          </reporter-output>
        </test-method> <!-- openApp -->
        <test-method status="PASS" signature="testCheckProductEdition()[pri:4, instance:script.CheckProductEdition@2f943d71]" name="testCheckProductEdition" duration-ms="4691" started-at="2018-12-04T06:56:25Z" finished-at="2018-12-04T06:56:30Z">
          <reporter-output>
            <line>
              <![CDATA[Actaul ProductEdition:actiTIME 2017.1]]>
            </line>
            <line>
              <![CDATA[expected ProductEdition:actiTIME 2017.1]]>
            </line>
          </reporter-output>
        </test-method> <!-- testCheckProductEdition -->
        <test-method status="PASS" signature="closeApp(org.testng.ITestResult)[pri:0, instance:script.CheckProductEdition@2f943d71]" name="closeApp" is-config="true" duration-ms="177" started-at="2018-12-04T06:56:30Z" finished-at="2018-12-04T06:56:30Z">
          <params>
            <param index="0">
              <value>
                <![CDATA[[TestResult name=testCheckProductEdition status=SUCCESS method=CheckProductEdition.testCheckProductEdition()[pri:4, instance:script.CheckProductEdition@2f943d71] output=Actaul ProductEdition:actiTIME 2017.1]]]>
              </value>
            </param>
          </params>
          <reporter-output>
          </reporter-output>
        </test-method> <!-- closeApp -->
        <test-method status="PASS" signature="print()[pri:0, instance:script.CheckProductEdition@2f943d71]" name="print" is-config="true" duration-ms="318" started-at="2018-12-04T06:56:30Z" finished-at="2018-12-04T06:56:30Z">
          <reporter-output>
            <line>
              <![CDATA[Pass:1]]>
            </line>
            <line>
              <![CDATA[Fail:0]]>
            </line>
          </reporter-output>
        </test-method> <!-- print -->
      </class> <!-- script.CheckProductEdition -->
    </test> <!-- Default test -->
  </suite> <!-- Default suite -->
</testng-results>
